-------------------------------------------------------------------------------
Test set: com.example.app.UserRepositoryTests
-------------------------------------------------------------------------------
Tests run: 2, Failures: 1, Errors: 1, Skipped: 0, Time elapsed: 0.4 s <<< FAILURE! - in com.example.app.UserRepositoryTests
testCreateUser  Time elapsed: 0.059 s  <<< ERROR!
org.springframework.dao.DataIntegrityViolationException: could not execute statement; SQL [n/a]; constraint [users.UK_6dotkott2kjsp8vw4d0m25fb7]; nested exception is org.hibernate.exception.ConstraintViolationException: could not execute statement
	at com.example.app.UserRepositoryTests.testCreateUser(UserRepositoryTests.java:35)
Caused by: org.hibernate.exception.ConstraintViolationException: could not execute statement
	at com.example.app.UserRepositoryTests.testCreateUser(UserRepositoryTests.java:35)
Caused by: java.sql.SQLIntegrityConstraintViolationException: Duplicate entry 'example2@gmail.com' for key 'users.UK_6dotkott2kjsp8vw4d0m25fb7'
	at com.example.app.UserRepositoryTests.testCreateUser(UserRepositoryTests.java:35)

testFindUserByEmail  Time elapsed: 0.043 s  <<< FAILURE!
java.lang.AssertionError: 

Expecting actual not to be null
	at com.example.app.UserRepositoryTests.testFindUserByEmail(UserRepositoryTests.java:47)

